# JRE version: Java(TM) SE Runtime Environment (8.0_241-b07) (build 1.8.0_241-b07)
# Java VM: Java HotSpot(TM) 64-Bit Server VM (25.241-b07 mixed mode windows-amd64 compressed oops)
Heap:
 PSYoungGen      total 330240K, used 140794K [0x000000076b780000, 0x0000000782d80000, 0x00000007c0000000)
  eden space 322048K, 43% used [0x000000076b780000,0x0000000774096828,0x000000077f200000)
  from space 8192K, 5% used [0x000000077f200000,0x000000077f268000,0x000000077fa00000)
  to   space 8192K, 0% used [0x0000000782580000,0x0000000782580000,0x0000000782d80000)
 ParOldGen       total 173568K, used 4230K [0x00000006c2600000, 0x00000006ccf80000, 0x000000076b780000)
  object space 173568K, 2% used [0x00000006c2600000,0x00000006c2a21a98,0x00000006ccf80000)
 Metaspace       used 9924K, capacity 10234K, committed 10496K, reserved 1058816K
  class space    used 1132K, capacity 1244K, committed 1280K, reserved 1048576K
GC Heap History (10 events):
Event: 6.201 GC heap before
{Heap before GC invocations=11 (full 0):
 PSYoungGen      total 222720K, used 222258K [0x000000076b780000, 0x000000077b080000, 0x00000007c0000000)
  eden space 222208K, 100% used [0x000000076b780000,0x0000000779080000,0x0000000779080000)
  from space 512K, 9% used [0x000000077b000000,0x000000077b00c810,0x000000077b080000)
  to   space 7168K, 0% used [0x000000077a280000,0x000000077a280000,0x000000077a980000)
 ParOldGen       total 173568K, used 3854K [0x00000006c2600000, 0x00000006ccf80000, 0x000000076b780000)
  object space 173568K, 2% used [0x00000006c2600000,0x00000006c29c38e8,0x00000006ccf80000)
 Metaspace       used 9146K, capacity 9530K, committed 9728K, reserved 1058816K
  class space    used 1066K, capacity 1204K, committed 1280K, reserved 1048576K
Event: 6.201 GC heap after
Heap after GC invocations=11 (full 0):
 PSYoungGen      total 221184K, used 48K [0x000000076b780000, 0x000000077b080000, 0x00000007c0000000)
  eden space 214016K, 0% used [0x000000076b780000,0x000000076b780000,0x0000000778880000)
  from space 7168K, 0% used [0x000000077a280000,0x000000077a28c010,0x000000077a980000)
  to   space 7168K, 0% used [0x000000077a980000,0x000000077a980000,0x000000077b080000)
 ParOldGen       total 173568K, used 3854K [0x00000006c2600000, 0x00000006ccf80000, 0x000000076b780000)
  object space 173568K, 2% used [0x00000006c2600000,0x00000006c29c38e8,0x00000006ccf80000)
 Metaspace       used 9146K, capacity 9530K, committed 9728K, reserved 1058816K
  class space    used 1066K, capacity 1204K, committed 1280K, reserved 1048576K
}
Event: 6.705 GC heap before
{Heap before GC invocations=12 (full 0):
 PSYoungGen      total 221184K, used 212730K [0x000000076b780000, 0x000000077b080000, 0x00000007c0000000)
  eden space 214016K, 99% used [0x000000076b780000,0x0000000778732af0,0x0000000778880000)
  from space 7168K, 0% used [0x000000077a280000,0x000000077a28c010,0x000000077a980000)
  to   space 7168K, 0% used [0x000000077a980000,0x000000077a980000,0x000000077b080000)
 ParOldGen       total 173568K, used 3854K [0x00000006c2600000, 0x00000006ccf80000, 0x000000076b780000)
  object space 173568K, 2% used [0x00000006c2600000,0x00000006c29c38e8,0x00000006ccf80000)
 Metaspace       used 9271K, capacity 9602K, committed 9728K, reserved 1058816K
  class space    used 1079K, capacity 1206K, committed 1280K, reserved 1048576K
Event: 6.707 GC heap after
Heap after GC invocations=12 (full 0):
 PSYoungGen      total 210432K, used 4448K [0x000000076b780000, 0x000000077ae00000, 0x00000007c0000000)
  eden space 205824K, 0% used [0x000000076b780000,0x000000076b780000,0x0000000778080000)
  from space 4608K, 96% used [0x000000077a980000,0x000000077add8030,0x000000077ae00000)
  to   space 7168K, 0% used [0x000000077a000000,0x000000077a000000,0x000000077a700000)
 ParOldGen       total 173568K, used 3862K [0x00000006c2600000, 0x00000006ccf80000, 0x000000076b780000)
  object space 173568K, 2% used [0x00000006c2600000,0x00000006c29c58e8,0x00000006ccf80000)
 Metaspace       used 9271K, capacity 9602K, committed 9728K, reserved 1058816K
  class space    used 1079K, capacity 1206K, committed 1280K, reserved 1048576K
}
Event: 6.928 GC heap before
{Heap before GC invocations=13 (full 0):
 PSYoungGen      total 210432K, used 209436K [0x000000076b780000, 0x000000077ae00000, 0x00000007c0000000)
  eden space 205824K, 99% used [0x000000076b780000,0x0000000777faefe8,0x0000000778080000)
  from space 4608K, 96% used [0x000000077a980000,0x000000077add8030,0x000000077ae00000)
  to   space 7168K, 0% used [0x000000077a000000,0x000000077a000000,0x000000077a700000)
 ParOldGen       total 173568K, used 3862K [0x00000006c2600000, 0x00000006ccf80000, 0x000000076b780000)
  object space 173568K, 2% used [0x00000006c2600000,0x00000006c29c58e8,0x00000006ccf80000)
 Metaspace       used 9297K, capacity 9678K, committed 9984K, reserved 1058816K
  class space    used 1084K, capacity 1208K, committed 1280K, reserved 1048576K
Event: 6.936 GC heap after
Heap after GC invocations=13 (full 0):
 PSYoungGen      total 245248K, used 6528K [0x000000076b780000, 0x0000000780980000, 0x00000007c0000000)
  eden space 238080K, 0% used [0x000000076b780000,0x000000076b780000,0x000000077a000000)
  from space 7168K, 91% used [0x000000077a000000,0x000000077a660040,0x000000077a700000)
  to   space 8192K, 0% used [0x0000000780180000,0x0000000780180000,0x0000000780980000)
 ParOldGen       total 173568K, used 3926K [0x00000006c2600000, 0x00000006ccf80000, 0x000000076b780000)
  object space 173568K, 2% used [0x00000006c2600000,0x00000006c29d5918,0x00000006ccf80000)
 Metaspace       used 9297K, capacity 9678K, committed 9984K, reserved 1058816K
  class space    used 1084K, capacity 1208K, committed 1280K, reserved 1048576K
}
Event: 7.341 GC heap before
{Heap before GC invocations=14 (full 0):
 PSYoungGen      total 245248K, used 244608K [0x000000076b780000, 0x0000000780980000, 0x00000007c0000000)
  eden space 238080K, 100% used [0x000000076b780000,0x000000077a000000,0x000000077a000000)
  from space 7168K, 91% used [0x000000077a000000,0x000000077a660040,0x000000077a700000)
  to   space 8192K, 0% used [0x0000000780180000,0x0000000780180000,0x0000000780980000)
 ParOldGen       total 173568K, used 3926K [0x00000006c2600000, 0x00000006ccf80000, 0x000000076b780000)
  object space 173568K, 2% used [0x00000006c2600000,0x00000006c29d5918,0x00000006ccf80000)
 Metaspace       used 9298K, capacity 9678K, committed 9984K, reserved 1058816K
  class space    used 1084K, capacity 1208K, committed 1280K, reserved 1048576K
Event: 7.343 GC heap after
Heap after GC invocations=14 (full 0):
 PSYoungGen      total 229376K, used 352K [0x000000076b780000, 0x0000000780200000, 0x00000007c0000000)
  eden space 228864K, 0% used [0x000000076b780000,0x000000076b780000,0x0000000779700000)
  from space 512K, 68% used [0x0000000780180000,0x00000007801d8000,0x0000000780200000)
  to   space 8192K, 0% used [0x000000077f200000,0x000000077f200000,0x000000077fa00000)
 ParOldGen       total 173568K, used 4126K [0x00000006c2600000, 0x00000006ccf80000, 0x000000076b780000)
  object space 173568K, 2% used [0x00000006c2600000,0x00000006c2a07a18,0x00000006ccf80000)
 Metaspace       used 9298K, capacity 9678K, committed 9984K, reserved 1058816K
  class space    used 1084K, capacity 1208K, committed 1280K, reserved 1048576K
}
Event: 7.707 GC heap before
{Heap before GC invocations=15 (full 0):
 PSYoungGen      total 229376K, used 228466K [0x000000076b780000, 0x0000000780200000, 0x00000007c0000000)
  eden space 228864K, 99% used [0x000000076b780000,0x0000000779644ba8,0x0000000779700000)
  from space 512K, 68% used [0x0000000780180000,0x00000007801d8000,0x0000000780200000)
  to   space 8192K, 0% used [0x000000077f200000,0x000000077f200000,0x000000077fa00000)
 ParOldGen       total 173568K, used 4126K [0x00000006c2600000, 0x00000006ccf80000, 0x000000076b780000)
  object space 173568K, 2% used [0x00000006c2600000,0x00000006c2a07a18,0x00000006ccf80000)
 Metaspace       used 9298K, capacity 9678K, committed 9984K, reserved 1058816K
  class space    used 1084K, capacity 1208K, committed 1280K, reserved 1048576K
Event: 7.758 GC heap after
Heap after GC invocations=15 (full 0):
 PSYoungGen      total 330240K, used 416K [0x000000076b780000, 0x0000000782d80000, 0x00000007c0000000)
  eden space 322048K, 0% used [0x000000076b780000,0x000000076b780000,0x000000077f200000)
  from space 8192K, 5% used [0x000000077f200000,0x000000077f268000,0x000000077fa00000)
  to   space 8192K, 0% used [0x0000000782580000,0x0000000782580000,0x0000000782d80000)
 ParOldGen       total 173568K, used 4230K [0x00000006c2600000, 0x00000006ccf80000, 0x000000076b780000)
  object space 173568K, 2% used [0x00000006c2600000,0x00000006c2a21a98,0x00000006ccf80000)
 Metaspace       used 9298K, capacity 9678K, committed 9984K, reserved 1058816K
  class space    used 1084K, capacity 1208K, committed 1280K, reserved 1048576K
}

